{"/media/marcosrava/Files/marcosrava/workspace/betelgeuse/src/Betelgeuse.js":{"path":"/media/marcosrava/Files/marcosrava/workspace/betelgeuse/src/Betelgeuse.js","s":{"1":1,"2":1,"3":1,"4":2,"5":9,"6":9,"7":9,"8":9,"9":8,"10":9,"11":1,"12":1,"13":1,"14":1,"15":1,"16":1,"17":1,"18":4,"19":0,"20":1,"21":1,"22":1,"23":1,"24":1,"25":1,"26":12,"27":0,"28":0,"29":0,"30":4,"31":1,"32":1,"33":4,"34":4,"35":4,"36":4,"37":4,"38":12,"39":4,"40":1,"41":0,"42":0,"43":0,"44":0,"45":0,"46":0,"47":0,"48":0,"49":0,"50":0,"51":0,"52":0,"53":0,"54":0,"55":0,"56":0,"57":0,"58":0,"59":0,"60":0,"61":0,"62":0,"63":0,"64":0,"65":0,"66":4,"67":4,"68":4,"69":12,"70":12,"71":1,"72":12,"73":4,"74":0,"75":0,"76":0,"77":0,"78":0,"79":0,"80":0,"81":0,"82":0,"83":0,"84":0,"85":0,"86":0,"87":0,"88":0,"89":0,"90":0,"91":0,"92":0,"93":0,"94":0,"95":0,"96":0,"97":0,"98":0,"99":1,"100":1,"101":1,"102":1},"b":{"1":[9,9],"2":[8,1],"3":[1,0],"4":[1,0],"5":[0,4],"6":[0,0],"7":[4,0],"8":[0,0],"9":[0,0],"10":[0,0],"11":[0,0],"12":[0,0],"13":[0,0],"14":[12,0],"15":[1,11],"16":[0,0],"17":[0,0],"18":[0,0],"19":[0,0],"20":[0,0],"21":[0,0]},"f":{"1":1,"2":2,"3":1,"4":4,"5":1,"6":12,"7":0,"8":4,"9":1,"10":4,"11":12,"12":0,"13":0,"14":0,"15":0,"16":4,"17":0,"18":0,"19":0,"20":0},"fnMap":{"1":{"name":"(anonymous_1)","line":7,"loc":{"start":{"line":0,"column":0},"end":{"line":0,"column":0},"skip":true},"skip":true},"2":{"name":"defineProperties","line":7,"loc":{"start":{"line":0,"column":0},"end":{"line":0,"column":0},"skip":true},"skip":true},"3":{"name":"(anonymous_3)","line":7,"loc":{"start":{"line":0,"column":0},"end":{"line":0,"column":0},"skip":true},"skip":true},"4":{"name":"_classCallCheck","line":9,"loc":{"start":{"line":0,"column":0},"end":{"line":0,"column":0},"skip":true},"skip":true},"5":{"name":"applyEntityConstructor","line":14,"loc":{"start":{"line":4,"column":31},"end":{"line":4,"column":48}}},"6":{"name":"createGetterAndSetter","line":29,"loc":{"start":{"line":19,"column":30},"end":{"line":19,"column":51}}},"7":{"name":"set","line":31,"loc":{"start":{"line":21,"column":9},"end":{"line":21,"column":25}}},"8":{"name":"get","line":37,"loc":{"start":{"line":27,"column":9},"end":{"line":27,"column":20}}},"9":{"name":"(anonymous_9)","line":44,"loc":{"start":{"line":0,"column":0},"end":{"line":0,"column":0},"skip":true},"skip":true},"10":{"name":"Betelgeuse","line":45,"loc":{"start":{"line":35,"column":2},"end":{"line":35,"column":20}}},"11":{"name":"(anonymous_11)","line":63,"loc":{"start":{"line":50,"column":57},"end":{"line":50,"column":57}}},"12":{"name":"fetch","line":77,"loc":{"start":{"line":0,"column":0},"end":{"line":0,"column":0},"skip":true},"skip":true},"13":{"name":"isValid","line":82,"loc":{"start":{"line":0,"column":0},"end":{"line":0,"column":0},"skip":true},"skip":true},"14":{"name":"toPresenter","line":100,"loc":{"start":{"line":0,"column":0},"end":{"line":0,"column":0},"skip":true},"skip":true},"15":{"name":"_getPresenterFields","line":114,"loc":{"start":{"line":0,"column":0},"end":{"line":0,"column":0},"skip":true},"skip":true},"16":{"name":"_mergeDefault","line":128,"loc":{"start":{"line":0,"column":0},"end":{"line":0,"column":0},"skip":true},"skip":true},"17":{"name":"parseSchema","line":145,"loc":{"start":{"line":0,"column":0},"end":{"line":0,"column":0},"skip":true},"skip":true},"18":{"name":"fromPresenter","line":154,"loc":{"start":{"line":0,"column":0},"end":{"line":0,"column":0},"skip":true},"skip":true},"19":{"name":"_getFromPresenterFields","line":165,"loc":{"start":{"line":0,"column":0},"end":{"line":0,"column":0},"skip":true},"skip":true},"20":{"name":"get","line":176,"loc":{"start":{"line":0,"column":0},"end":{"line":0,"column":0},"skip":true},"skip":true}},"statementMap":{"1":{"start":{"line":0,"column":0},"end":{"line":0,"column":0},"skip":true},"2":{"start":{"line":0,"column":0},"end":{"line":0,"column":0},"skip":true},"3":{"start":{"line":0,"column":0},"end":{"line":0,"column":0},"skip":true},"4":{"start":{"line":0,"column":0},"end":{"line":0,"column":0},"skip":true},"5":{"start":{"line":0,"column":0},"end":{"line":0,"column":0},"skip":true},"6":{"start":{"line":0,"column":0},"end":{"line":0,"column":0},"skip":true},"7":{"start":{"line":0,"column":0},"end":{"line":0,"column":0},"skip":true},"8":{"start":{"line":0,"column":0},"end":{"line":0,"column":0},"skip":true},"9":{"start":{"line":0,"column":0},"end":{"line":0,"column":0},"skip":true},"10":{"start":{"line":0,"column":0},"end":{"line":0,"column":0},"skip":true},"11":{"start":{"line":0,"column":0},"end":{"line":0,"column":0},"skip":true},"12":{"start":{"line":0,"column":0},"end":{"line":0,"column":0},"skip":true},"13":{"start":{"line":0,"column":0},"end":{"line":0,"column":0},"skip":true},"14":{"start":{"line":0,"column":0},"end":{"line":0,"column":0},"skip":true},"15":{"start":{"line":0,"column":0},"end":{"line":0,"column":0},"skip":true},"16":{"start":{"line":0,"column":0},"end":{"line":0,"column":0},"skip":true},"17":{"start":{"line":0,"column":0},"end":{"line":0,"column":0},"skip":true},"18":{"start":{"line":0,"column":0},"end":{"line":0,"column":0},"skip":true},"19":{"start":{"line":0,"column":0},"end":{"line":0,"column":0},"skip":true},"20":{"start":{"line":1,"column":-15},"end":{"line":1,"column":-15}},"21":{"start":{"line":2,"column":0},"end":{"line":2,"column":0}},"22":{"start":{"line":4,"column":0},"end":{"line":4,"column":0}},"23":{"start":{"line":7,"column":2},"end":{"line":7,"column":2}},"24":{"start":{"line":17,"column":2},"end":{"line":17,"column":2}},"25":{"start":{"line":19,"column":0},"end":{"line":19,"column":0}},"26":{"start":{"line":20,"column":2},"end":{"line":20,"column":2}},"27":{"start":{"line":22,"column":6},"end":{"line":25,"column":7}},"28":{"start":{"line":23,"column":8},"end":{"line":23,"column":8}},"29":{"start":{"line":24,"column":8},"end":{"line":24,"column":8}},"30":{"start":{"line":27,"column":22},"end":{"line":27,"column":22}},"31":{"start":{"line":0,"column":0},"end":{"line":0,"column":0},"skip":true},"32":{"start":{"line":35,"column":2},"end":{"line":59,"column":3}},"33":{"start":{"line":35,"column":20},"end":{"line":35,"column":20}},"34":{"start":{"line":35,"column":20},"end":{"line":35,"column":20}},"35":{"start":{"line":39,"column":4},"end":{"line":39,"column":4}},"36":{"start":{"line":44,"column":4},"end":{"line":44,"column":4}},"37":{"start":{"line":49,"column":4},"end":{"line":49,"column":4}},"38":{"start":{"line":50,"column":57},"end":{"line":50,"column":57}},"39":{"start":{"line":54,"column":4},"end":{"line":54,"column":4}},"40":{"start":{"line":0,"column":0},"end":{"line":0,"column":0},"skip":true},"41":{"start":{"line":108,"column":4},"end":{"line":108,"column":4}},"42":{"start":{"line":112,"column":4},"end":{"line":112,"column":4}},"43":{"start":{"line":113,"column":4},"end":{"line":113,"column":4}},"44":{"start":{"line":114,"column":4},"end":{"line":124,"column":5}},"45":{"start":{"line":115,"column":6},"end":{"line":115,"column":6}},"46":{"start":{"line":116,"column":6},"end":{"line":122,"column":7}},"47":{"start":{"line":117,"column":8},"end":{"line":117,"column":8}},"48":{"start":{"line":118,"column":8},"end":{"line":118,"column":8}},"49":{"start":{"line":123,"column":6},"end":{"line":123,"column":6}},"50":{"start":{"line":125,"column":4},"end":{"line":125,"column":4}},"51":{"start":{"line":129,"column":4},"end":{"line":129,"column":4}},"52":{"start":{"line":130,"column":4},"end":{"line":130,"column":4}},"53":{"start":{"line":131,"column":4},"end":{"line":131,"column":4}},"54":{"start":{"line":132,"column":4},"end":{"line":132,"column":4}},"55":{"start":{"line":133,"column":4},"end":{"line":136,"column":5}},"56":{"start":{"line":134,"column":6},"end":{"line":134,"column":6}},"57":{"start":{"line":135,"column":6},"end":{"line":135,"column":6}},"58":{"start":{"line":138,"column":4},"end":{"line":138,"column":4}},"59":{"start":{"line":142,"column":4},"end":{"line":142,"column":4}},"60":{"start":{"line":143,"column":4},"end":{"line":143,"column":4}},"61":{"start":{"line":144,"column":4},"end":{"line":144,"column":4}},"62":{"start":{"line":146,"column":4},"end":{"line":150,"column":5}},"63":{"start":{"line":147,"column":6},"end":{"line":149,"column":7}},"64":{"start":{"line":148,"column":8},"end":{"line":148,"column":8}},"65":{"start":{"line":151,"column":4},"end":{"line":151,"column":4}},"66":{"start":{"line":155,"column":4},"end":{"line":155,"column":4}},"67":{"start":{"line":156,"column":4},"end":{"line":156,"column":4}},"68":{"start":{"line":157,"column":4},"end":{"line":166,"column":5}},"69":{"start":{"line":159,"column":6},"end":{"line":159,"column":6}},"70":{"start":{"line":161,"column":6},"end":{"line":163,"column":7}},"71":{"start":{"line":162,"column":8},"end":{"line":162,"column":8}},"72":{"start":{"line":165,"column":6},"end":{"line":165,"column":6}},"73":{"start":{"line":167,"column":4},"end":{"line":167,"column":4}},"74":{"start":{"line":62,"column":4},"end":{"line":66,"column":5}},"75":{"start":{"line":63,"column":6},"end":{"line":65,"column":7}},"76":{"start":{"line":64,"column":8},"end":{"line":64,"column":8}},"77":{"start":{"line":70,"column":4},"end":{"line":70,"column":4}},"78":{"start":{"line":71,"column":4},"end":{"line":71,"column":4}},"79":{"start":{"line":73,"column":4},"end":{"line":75,"column":5}},"80":{"start":{"line":74,"column":6},"end":{"line":74,"column":6}},"81":{"start":{"line":76,"column":4},"end":{"line":76,"column":4}},"82":{"start":{"line":98,"column":4},"end":{"line":98,"column":4}},"83":{"start":{"line":99,"column":4},"end":{"line":99,"column":4}},"84":{"start":{"line":100,"column":4},"end":{"line":100,"column":4}},"85":{"start":{"line":101,"column":4},"end":{"line":103,"column":5}},"86":{"start":{"line":102,"column":6},"end":{"line":102,"column":6}},"87":{"start":{"line":104,"column":4},"end":{"line":104,"column":4}},"88":{"start":{"line":80,"column":4},"end":{"line":82,"column":5}},"89":{"start":{"line":81,"column":6},"end":{"line":81,"column":6}},"90":{"start":{"line":83,"column":4},"end":{"line":83,"column":4}},"91":{"start":{"line":84,"column":4},"end":{"line":84,"column":4}},"92":{"start":{"line":85,"column":4},"end":{"line":92,"column":5}},"93":{"start":{"line":86,"column":6},"end":{"line":86,"column":6}},"94":{"start":{"line":87,"column":6},"end":{"line":91,"column":7}},"95":{"start":{"line":88,"column":8},"end":{"line":88,"column":8}},"96":{"start":{"line":90,"column":8},"end":{"line":90,"column":8}},"97":{"start":{"line":93,"column":4},"end":{"line":93,"column":4}},"98":{"start":{"line":94,"column":4},"end":{"line":94,"column":4}},"99":{"start":{"line":0,"column":0},"end":{"line":0,"column":0},"skip":true},"100":{"start":{"line":171,"column":0},"end":{"line":171,"column":0}},"101":{"start":{"line":178,"column":7},"end":{"line":178,"column":7}},"102":{"start":{"line":0,"column":0},"end":{"line":0,"column":0},"skip":true}},"branchMap":{"1":{"line":7,"type":"binary-expr","locations":[{"start":{"line":0,"column":0},"end":{"line":0,"column":0},"skip":true},{"start":{"line":0,"column":0},"end":{"line":0,"column":0},"skip":true}]},"2":{"line":7,"type":"if","locations":[{"start":{"line":0,"column":0},"end":{"line":0,"column":0},"skip":true},{"start":{"line":0,"column":0},"end":{"line":0,"column":0},"skip":true}]},"3":{"line":7,"type":"if","locations":[{"start":{"line":0,"column":0},"end":{"line":0,"column":0},"skip":true},{"start":{"line":0,"column":0},"end":{"line":0,"column":0},"skip":true}]},"4":{"line":7,"type":"if","locations":[{"start":{"line":0,"column":0},"end":{"line":0,"column":0},"skip":true},{"start":{"line":0,"column":0},"end":{"line":0,"column":0},"skip":true}]},"5":{"line":9,"type":"if","locations":[{"start":{"line":0,"column":0},"end":{"line":0,"column":0},"skip":true},{"start":{"line":0,"column":0},"end":{"line":0,"column":0},"skip":true}]},"6":{"line":32,"type":"if","locations":[{"start":{"line":22,"column":6},"end":{"line":22,"column":6}},{"start":{"line":22,"column":6},"end":{"line":22,"column":6}}]},"7":{"line":70,"type":"binary-expr","locations":[{"start":{"line":55,"column":32},"end":{"line":55,"column":32}},{"start":{"line":55,"column":40},"end":{"line":55,"column":13}}]},"8":{"line":85,"type":"if","locations":[{"start":{"line":114,"column":4},"end":{"line":114,"column":4}},{"start":{"line":114,"column":4},"end":{"line":114,"column":4}}]},"9":{"line":102,"type":"binary-expr","locations":[{"start":{"line":130,"column":20},"end":{"line":130,"column":20}},{"start":{"line":130,"column":38},"end":{"line":130,"column":4}}]},"10":{"line":103,"type":"binary-expr","locations":[{"start":{"line":131,"column":21},"end":{"line":131,"column":21}},{"start":{"line":131,"column":45},"end":{"line":131,"column":4}}]},"11":{"line":107,"type":"binary-expr","locations":[{"start":{"line":135,"column":14},"end":{"line":135,"column":14}},{"start":{"line":135,"column":35},"end":{"line":135,"column":6}}]},"12":{"line":117,"type":"binary-expr","locations":[{"start":{"line":144,"column":18},"end":{"line":144,"column":18}},{"start":{"line":144,"column":39},"end":{"line":144,"column":4}}]},"13":{"line":120,"type":"if","locations":[{"start":{"line":147,"column":6},"end":{"line":147,"column":6}},{"start":{"line":147,"column":6},"end":{"line":147,"column":6}}]},"14":{"line":133,"type":"binary-expr","locations":[{"start":{"line":159,"column":23},"end":{"line":159,"column":23}},{"start":{"line":159,"column":38},"end":{"line":159,"column":6}}]},"15":{"line":135,"type":"if","locations":[{"start":{"line":161,"column":6},"end":{"line":161,"column":6}},{"start":{"line":161,"column":6},"end":{"line":161,"column":6}}]},"16":{"line":147,"type":"if","locations":[{"start":{"line":63,"column":6},"end":{"line":63,"column":6}},{"start":{"line":63,"column":6},"end":{"line":63,"column":6}}]},"17":{"line":159,"type":"binary-expr","locations":[{"start":{"line":74,"column":14},"end":{"line":74,"column":14}},{"start":{"line":74,"column":44},"end":{"line":74,"column":6}}]},"18":{"line":167,"type":"binary-expr","locations":[{"start":{"line":99,"column":20},"end":{"line":99,"column":20}},{"start":{"line":99,"column":38},"end":{"line":99,"column":4}}]},"19":{"line":168,"type":"binary-expr","locations":[{"start":{"line":100,"column":21},"end":{"line":100,"column":21}},{"start":{"line":100,"column":45},"end":{"line":100,"column":4}}]},"20":{"line":177,"type":"if","locations":[{"start":{"line":80,"column":4},"end":{"line":80,"column":4}},{"start":{"line":80,"column":4},"end":{"line":80,"column":4}}]},"21":{"line":184,"type":"if","locations":[{"start":{"line":87,"column":6},"end":{"line":87,"column":6}},{"start":{"line":87,"column":6},"end":{"line":87,"column":6}}]}}}}