TN:
SF:/media/marcosrava/Files/marcosrava/workspace/betelgeuse/src/Betelgeuse.js
FN:7,(anonymous_1)
FN:7,defineProperties
FN:7,(anonymous_3)
FN:9,_classCallCheck
FN:14,applyEntityConstructor
FN:29,createGetterAndSetter
FN:31,set
FN:37,get
FN:44,(anonymous_9)
FN:45,Betelgeuse
FN:63,(anonymous_11)
FN:77,fetch
FN:82,isValid
FN:100,toPresenter
FN:114,_getPresenterFields
FN:128,_mergeDefault
FN:145,parseSchema
FN:154,fromPresenter
FN:165,_getFromPresenterFields
FN:176,get
FNF:20
FNH:19
FNDA:1,(anonymous_1)
FNDA:2,defineProperties
FNDA:1,(anonymous_3)
FNDA:4,_classCallCheck
FNDA:1,applyEntityConstructor
FNDA:12,createGetterAndSetter
FNDA:0,set
FNDA:4,get
FNDA:1,(anonymous_9)
FNDA:4,Betelgeuse
FNDA:12,(anonymous_11)
FNDA:0,fetch
FNDA:0,isValid
FNDA:0,toPresenter
FNDA:0,_getPresenterFields
FNDA:4,_mergeDefault
FNDA:0,parseSchema
FNDA:0,fromPresenter
FNDA:0,_getFromPresenterFields
FNDA:0,get
DA:0,9
DA:1,1
DA:2,1
DA:4,1
DA:7,1
DA:17,1
DA:19,1
DA:20,12
DA:22,0
DA:23,0
DA:24,0
DA:27,4
DA:35,4
DA:39,4
DA:44,4
DA:49,4
DA:50,12
DA:54,4
DA:62,0
DA:63,0
DA:64,0
DA:70,0
DA:71,0
DA:73,0
DA:74,0
DA:76,0
DA:80,0
DA:81,0
DA:83,0
DA:84,0
DA:85,0
DA:86,0
DA:87,0
DA:88,0
DA:90,0
DA:93,0
DA:94,0
DA:98,0
DA:99,0
DA:100,0
DA:101,0
DA:102,0
DA:104,0
DA:108,0
DA:112,0
DA:113,0
DA:114,0
DA:115,0
DA:116,0
DA:117,0
DA:118,0
DA:123,0
DA:125,0
DA:129,0
DA:130,0
DA:131,0
DA:132,0
DA:133,0
DA:134,0
DA:135,0
DA:138,0
DA:142,0
DA:143,0
DA:144,0
DA:146,0
DA:147,0
DA:148,0
DA:151,0
DA:155,4
DA:156,4
DA:157,4
DA:159,12
DA:161,12
DA:162,1
DA:165,12
DA:167,4
DA:171,1
DA:178,1
LF:78
LH:25
BRDA:7,1,0,9
BRDA:7,1,1,9
BRDA:7,2,0,8
BRDA:7,2,1,1
BRDA:7,3,0,1
BRDA:7,3,1,0
BRDA:7,4,0,1
BRDA:7,4,1,0
BRDA:9,5,0,0
BRDA:9,5,1,4
BRDA:32,6,0,0
BRDA:32,6,1,0
BRDA:70,7,0,4
BRDA:70,7,1,0
BRDA:85,8,0,0
BRDA:85,8,1,0
BRDA:102,9,0,0
BRDA:102,9,1,0
BRDA:103,10,0,0
BRDA:103,10,1,0
BRDA:107,11,0,0
BRDA:107,11,1,0
BRDA:117,12,0,0
BRDA:117,12,1,0
BRDA:120,13,0,0
BRDA:120,13,1,0
BRDA:133,14,0,12
BRDA:133,14,1,0
BRDA:135,15,0,1
BRDA:135,15,1,11
BRDA:147,16,0,0
BRDA:147,16,1,0
BRDA:159,17,0,0
BRDA:159,17,1,0
BRDA:167,18,0,0
BRDA:167,18,1,0
BRDA:168,19,0,0
BRDA:168,19,1,0
BRDA:177,20,0,0
BRDA:177,20,1,0
BRDA:184,21,0,0
BRDA:184,21,1,0
BRF:42
BRH:14
end_of_record
